C51 COMPILER V9.54   MAIN                                                                  11/01/2024 17:29:17 PAGE 1   


C51 COMPILER V9.54, COMPILATION OF MODULE MAIN
OBJECT MODULE PLACED IN .\Objects\main.obj
COMPILER INVOKED BY: D:\keil5\C51\BIN\C51.EXE main.c OPTIMIZE(8,SPEED) BROWSE DEBUG OBJECTEXTEND PRINT(.\Listings\main.l
                    -st) OBJECT(.\Objects\main.obj)

line level    source

   1          #include <REGX52.H>
   2          #include "key.h"
   3          
   4          #define MODE1 1
   5          #define MODE2 2
   6          #define MODE3 3
   7          
   8          unsigned char State=3;
   9          unsigned char Key,time_ok;
  10          void modeshift()
  11          {
  12   1              switch(State)
  13   1              {
  14   2                      case MODE1:P2_0=0;P2_1=1;P2_2=1;break;
  15   2                      case MODE2:P2_0=1;P2_1=0;P2_2=1;break;
  16   2                      case MODE3:P2_0=1;P2_1=1;P2_2=0;break;
  17   2              }
  18   1      }
  19          void Timer0Init(void)           //10毫秒@11.0592MHz
  20          {
  21   1              TMOD &= 0xF0;           //设置定时器模式
  22   1              TMOD |= 0x01;           //设置定时器模式
  23   1              TL0 = 0x00;             //设置定时初值
  24   1              TH0 = 0xDC;             //设置定时初值
  25   1              TF0 = 0;                //清除TF0标志
  26   1              TR0 = 1;                //定时器0开始计时
  27   1              ET0 = 1;
  28   1              EA=1;
  29   1      }
  30          
  31          void main()
  32          {
  33   1              Timer0Init();
  34   1              while(1)
  35   1              {
  36   2                      if(time_ok)
  37   2                      {
  38   3                              time_ok=0;
  39   3                              Key=key_read();
  40   3                              if(Key==1)
  41   3                                      State=1;
  42   3                              if(Key==2)
  43   3                                      State=2;
  44   3                              if(Key==3)
  45   3                                      State=3;
  46   3                      }
  47   2                      modeshift();
  48   2              }
  49   1      }
  50          
  51          void Timer0_Routine() interrupt 1
  52          {
  53   1              TL0 = 0x00;             //设置定时初值
  54   1              TH0 = 0xDC;             //设置定时初值
C51 COMPILER V9.54   MAIN                                                                  11/01/2024 17:29:17 PAGE 2   

  55   1              time_ok=1;
  56   1      }


MODULE INFORMATION:   STATIC OVERLAYABLE
   CODE SIZE        =    109    ----
   CONSTANT SIZE    =   ----    ----
   XDATA SIZE       =   ----    ----
   PDATA SIZE       =   ----    ----
   DATA SIZE        =      3    ----
   IDATA SIZE       =   ----    ----
   BIT SIZE         =   ----    ----
END OF MODULE INFORMATION.


C51 COMPILATION COMPLETE.  0 WARNING(S),  0 ERROR(S)
