C51 COMPILER V9.54   DELAY1MS                                                              10/29/2024 23:07:38 PAGE 1   


C51 COMPILER V9.54, COMPILATION OF MODULE DELAY1MS
OBJECT MODULE PLACED IN .\Objects\Delay1ms.obj
COMPILER INVOKED BY: D:\keil5\C51\BIN\C51.EXE Delay1ms.c OPTIMIZE(8,SPEED) BROWSE DEBUG OBJECTEXTEND PRINT(.\Listings\De
                    -lay1ms.lst) OBJECT(.\Objects\Delay1ms.obj)

line level    source

   1          void Delay1ms(unsigned int xms)         //@11.0592MHz
   2          {
   3   1              unsigned char i, j;
   4   1              while(xms)
   5   1              {
   6   2                      i = 2;
   7   2                      j = 199;
   8   2                      do
   9   2                      {
  10   3                              while (--j);
  11   3                      } while (--i);
  12   2                      
  13   2                      xms--;
  14   2              }
  15   1      
  16   1      }
  17          void Delay100us()               //@11.0592MHz
  18          {
  19   1              unsigned char i;
  20   1      
  21   1              i = 43;
  22   1              while (--i);
  23   1      }


MODULE INFORMATION:   STATIC OVERLAYABLE
   CODE SIZE        =     25    ----
   CONSTANT SIZE    =   ----    ----
   XDATA SIZE       =   ----    ----
   PDATA SIZE       =   ----    ----
   DATA SIZE        =   ----    ----
   IDATA SIZE       =   ----    ----
   BIT SIZE         =   ----    ----
END OF MODULE INFORMATION.


C51 COMPILATION COMPLETE.  0 WARNING(S),  0 ERROR(S)
