C51 COMPILER V9.54   KEY                                                                   10/31/2024 14:03:31 PAGE 1   


C51 COMPILER V9.54, COMPILATION OF MODULE KEY
OBJECT MODULE PLACED IN .\Objects\key.obj
COMPILER INVOKED BY: D:\keil5\C51\BIN\C51.EXE key.c OPTIMIZE(8,SPEED) BROWSE DEBUG OBJECTEXTEND PRINT(.\Listings\key.lst
                    -) OBJECT(.\Objects\key.obj)

line level    source

   1          #include <REGX52.H>
   2          
   3          extern unsigned char State;
   4          
   5          void KeyNumber()
   6          {
   7   1              static unsigned char count1;
   8   1              static unsigned int count2;
   9   1              static unsigned int count3;
  10   1              static unsigned int count4;
  11   1      
  12   1              static bit flag1=0;
  13   1              static bit flag2=1;
  14   1      
  15   1              static bit KeyDown=0;
  16   1              static bit KeyDown2=0;
  17   1              
  18   1              if(KeyDown==1)
  19   1              {
  20   2                      count2++;
  21   2                      if(count2>10000)
  22   2                      {
  23   3                              count2=0;
  24   3                              flag1=1;
  25   3      
  26   3                              if(flag2)
  27   3                              {
  28   4                                      flag2=0;
  29   4                                      State=1;
  30   4                              }
  31   3                      }
  32   2                      
  33   2                      
  34   2                      if(P3_0==1)
  35   2                      {               
  36   3                              KeyDown=0;
  37   3                              flag2=1;
  38   3                              count2=0;
  39   3                                      if(flag1)
  40   3                                        {
  41   4                                              flag1=0;
  42   4                                      }
  43   3                                      else
  44   3                                      {
  45   4                                              State=2;
  46   4                                      }       
  47   3                      }
  48   2                      if(KeyDown2)
  49   2                      {
  50   3                              State=3;  
  51   3                      }
  52   2              }
  53   1              else
  54   1              {
C51 COMPILER V9.54   KEY                                                                   10/31/2024 14:03:31 PAGE 2   

  55   2                      if(P3_0==0)
  56   2                      {
  57   3                              count1++;
  58   3                              if(count1>20)
  59   3                              {
  60   4                                      count1=0;
  61   4                                      if(P3_0==0)
  62   4                                      {
  63   5                                              KeyDown=1;
  64   5                                      }
  65   4                                      ///////
  66   4                                      for(count3;count3<600;count3++)
  67   4                                      {
  68   5                                              count4++;
  69   5                                              if(count4>30)
  70   5                                              {
  71   6                                                      count4=0;
  72   6                                                      if(P3_0==0)
  73   6                                                      {
  74   7                                                              KeyDown2=1;
  75   7                                                      }
  76   6                                              }
  77   5                                      }
  78   4                                      //////
  79   4                              }
  80   3                      
  81   3                      }
  82   2                      else
  83   2                      {
  84   3                              count1=0;
  85   3                      }
  86   2              }
  87   1      }


MODULE INFORMATION:   STATIC OVERLAYABLE
   CODE SIZE        =    135    ----
   CONSTANT SIZE    =   ----    ----
   XDATA SIZE       =   ----    ----
   PDATA SIZE       =   ----    ----
   DATA SIZE        =      7    ----
   IDATA SIZE       =   ----    ----
   BIT SIZE         =      4    ----
END OF MODULE INFORMATION.


C51 COMPILATION COMPLETE.  0 WARNING(S),  0 ERROR(S)
