C51 COMPILER V9.54   MAIN                                                                  10/29/2024 23:10:45 PAGE 1   


C51 COMPILER V9.54, COMPILATION OF MODULE MAIN
OBJECT MODULE PLACED IN .\Objects\main.obj
COMPILER INVOKED BY: D:\keil5\C51\BIN\C51.EXE main.c OPTIMIZE(8,SPEED) BROWSE DEBUG OBJECTEXTEND PRINT(.\Listings\main.l
                    -st) OBJECT(.\Objects\main.obj)

line level    source

   1          #include <REGX52.H>
   2          #include "key.h"
   3          
   4          #define MODE1 1
   5          #define MODE2 2
   6          #define MODE3 3
   7          
   8          unsigned char State=3;
   9          
  10          
  11          void modeshift()
  12          {
  13   1              switch(State)
  14   1              {
  15   2                      case MODE1:P2_1=0;P2_0=1;P2_2=1;break;
  16   2                      case MODE2:P2_0=0;P2_1=1;P2_2=1;break;
  17   2                      case MODE3:P2_0=1;P2_1=1;P2_2=0;break;
  18   2              }
  19   1      }
  20          
  21          void main()
  22          {
  23   1              while(1)
  24   1              {
  25   2                      KeyNumber();
  26   2                      modeshift();
  27   2              }
  28   1      }


MODULE INFORMATION:   STATIC OVERLAYABLE
   CODE SIZE        =     42    ----
   CONSTANT SIZE    =   ----    ----
   XDATA SIZE       =   ----    ----
   PDATA SIZE       =   ----    ----
   DATA SIZE        =      1    ----
   IDATA SIZE       =   ----    ----
   BIT SIZE         =   ----    ----
END OF MODULE INFORMATION.


C51 COMPILATION COMPLETE.  0 WARNING(S),  0 ERROR(S)
